WeatherMiniProject/build/outputs/logs/manifest-merger-debug-report.txt
-- Merging decision tree log ---
manifest
ADDED from weather/WeatherMiniProject/AndroidManifest.xml:2:1-46:12
	xmlns:android
		ADDED from weather/WeatherMiniProject/AndroidManifest.xml:2:11-69
	package
		ADDED from weather/WeatherMiniProject/AndroidManifest.xml:3:5-45
		INJECTED from weather/WeatherMiniProject/AndroidManifest.xml
		INJECTED from weather/WeatherMiniProject/AndroidManifest.xml
	android:versionName
		ADDED from weather/WeatherMiniProject/AndroidManifest.xml:5:5-30
		INJECTED from weather/WeatherMiniProject/AndroidManifest.xml
		INJECTED from weather/WeatherMiniProject/AndroidManifest.xml
	android:versionCode
		ADDED from weather/WeatherMiniProject/AndroidManifest.xml:4:5-28
		INJECTED from weather/WeatherMiniProject/AndroidManifest.xml
		INJECTED from weather/WeatherMiniProject/AndroidManifest.xml
uses-sdk
ADDED from weather/WeatherMiniProject/AndroidManifest.xml:7:5-9:38
MERGED from [com.android.support:appcompat-v7:22.2.1] AndroidManifest.xml:20:5-43
MERGED from [com.android.support:support-v4:22.2.1] AndroidManifest.xml:20:5-43
	android:targetSdkVersion
		ADDED from weather/WeatherMiniProject/AndroidManifest.xml:9:6-35
		INJECTED from weather/WeatherMiniProject/AndroidManifest.xml
		INJECTED from weather/WeatherMiniProject/AndroidManifest.xml
	android:minSdkVersion
		ADDED from weather/WeatherMiniProject/AndroidManifest.xml:8:9-35
		INJECTED from weather/WeatherMiniProject/AndroidManifest.xml
		INJECTED from weather/WeatherMiniProject/AndroidManifest.xml
uses-permission#android.permission.INTERNET
ADDED from weather/WeatherMiniProject/AndroidManifest.xml:11:3-12:50
	android:name
		ADDED from weather/WeatherMiniProject/AndroidManifest.xml:12:6-48
application
ADDED from weather/WeatherMiniProject/AndroidManifest.xml:14:5-44:19
MERGED from [com.android.support:appcompat-v7:22.2.1] AndroidManifest.xml:22:5-20
MERGED from [com.android.support:support-v4:22.2.1] AndroidManifest.xml:22:5-20
	android:label
		ADDED from weather/WeatherMiniProject/AndroidManifest.xml:17:9-41
	android:allowBackup
		ADDED from weather/WeatherMiniProject/AndroidManifest.xml:15:9-35
	android:icon
		ADDED from weather/WeatherMiniProject/AndroidManifest.xml:16:9-45
	android:theme
		ADDED from weather/WeatherMiniProject/AndroidManifest.xml:18:9-40
activity#com.puliware.watherminiproject.activities.MainActivity
ADDED from weather/WeatherMiniProject/AndroidManifest.xml:19:9-27:20
	android:label
		ADDED from weather/WeatherMiniProject/AndroidManifest.xml:21:13-45
	android:name
		ADDED from weather/WeatherMiniProject/AndroidManifest.xml:20:13-82
intent-filter#android.intent.action.MAIN+android.intent.category.LAUNCHER
ADDED from weather/WeatherMiniProject/AndroidManifest.xml:22:13-26:29
action#android.intent.action.MAIN
ADDED from weather/WeatherMiniProject/AndroidManifest.xml:23:17-69
	android:name
		ADDED from weather/WeatherMiniProject/AndroidManifest.xml:23:25-66
category#android.intent.category.LAUNCHER
ADDED from weather/WeatherMiniProject/AndroidManifest.xml:25:17-77
	android:name
		ADDED from weather/WeatherMiniProject/AndroidManifest.xml:25:27-74
activity#com.puliware.watherminiproject.activities.HelpActivity
ADDED from weather/WeatherMiniProject/AndroidManifest.xml:28:9-31:20
	android:label
		ADDED from weather/WeatherMiniProject/AndroidManifest.xml:30:13-48
	android:name
		ADDED from weather/WeatherMiniProject/AndroidManifest.xml:29:13-82
service#com.puliware.watherminiproject.services.WeatherServiceAsync
ADDED from weather/WeatherMiniProject/AndroidManifest.xml:35:6-38:15
	android:process
		ADDED from weather/WeatherMiniProject/AndroidManifest.xml:37:8-34
	android:name
		ADDED from weather/WeatherMiniProject/AndroidManifest.xml:36:8-52
service#com.puliware.watherminiproject.services.WeatherServiceSync
ADDED from weather/WeatherMiniProject/AndroidManifest.xml:40:5-43:15
	android:process
		ADDED from weather/WeatherMiniProject/AndroidManifest.xml:42:8-34
	android:name
		ADDED from weather/WeatherMiniProject/AndroidManifest.xml:41:8-51